
ROM used: 2292 (28%)
          3090 (38%) including unused fragments

          2 Average locations per line
          10 Average locations per statement

RAM used: 12 (3%) at main() level
          36 (10%) worst case

Stack used: 5 worst case (out of 8 total available)

Lines Stmts  %   Files
----- ----- ---  -----
  197   159  68  Temperaura.c
  330     0   0  E:\Jhoan Esteban León\Programas\pic c\PICC\devices\16f877a.h
  411    75  32  E:\Jhoan Esteban León\Programas\pic c\PICC\drivers\lcd.c
----- -----
  938   234 Total

Page ROM  %  RAM   Vol Diff  Functions:
---- --- --- ---   --- ----  ----------
0     21   1   1             @delay_ms1
0      8   0   0             @const76
 Inline        3   587  6.0  lcd_read_byte
0      6   0   0    59  4.2  lcd_read_nibble
0     12   1   1   172  3.4  lcd_send_nibble
0     64   3   3   447  4.6  lcd_send_byte
0     53   2   2   717  5.9  lcd_init
0     18   1   4   191  5.8  lcd_gotoxy
0     45   2   1   354  4.7  lcd_putc
1   1042  45   2  5850  6.4  MAIN
0      7   0   0             @const103
0     70   3   3             @PSTRINGC7_93
0      6   0   0             @const105
0      7   0   0             @const106
0     31   1   2             @ITOF
0    323  14  16             @ADDFF
 Inline       13             @MULFF
 Inline        5             @FTOSD
0     79   3  13             @DIV3232
0    341  15  13             @PRINTF_L32D_93FPFPF
0      7   0   0             @const124
0     63   3  10             @FLT
0      9   0   0             @const128
0      9   0   0             @const129
0      9   0   0             @const130
0      7   0   0             @const131
0      5   0   0             @const132
0      5   0   0             @const133
0      5   0   0             @const134
0      9   0   0             @const135
0      5   0   0             @const136
0      6   0   0             @const137
0      5   0   0             @const138
0      6   0   0             @const139
0      5   0   0             @const140

Program metrics:
    Functions               8
    Statements              234
    Comments                162
    Volume (V)              10795
    Difficilty (D)          36.7
    Effort to implement (E) 396108
    Time to implement (T)   6 hours, 7 minutes
    Est Delivered Bugs (B)  2
    Cyclomatic Complexity   21
    Maintainability (MI)    110

 Segment     Used  Free
-----------  ----  ----
00000-00003     4  0  
00004-007FF  1246  798  
00800-00FFF  1042  1006  
01000-017FF     0  2048  
01800-01FFF     0  2048  



