
ROM used: 585 (7%)
          585 (7%) including unused fragments

          1 Average locations per line
          4 Average locations per statement

RAM used: 9 (2%) at main() level
          10 (3%) worst case

Stack used: 1 worst case (out of 8 total available)

Lines Stmts  %   Files
----- ----- ---  -----
  226   139 100  MAFE PIC PROGRAM.c
  330     0   0  E:\Jhoan Esteban León\Programas\pic c\PICC\devices\16f877a.h
----- -----
  556   139 Total

Page ROM  %  RAM   Vol Diff  Functions:
---- --- --- ---   --- ----  ----------
0     21   4   1             @delay_ms1
0     20   3   1             @delay_us1
0    494  84   1  4787  6.0  main
0     46   8   0             @goto10112

Program metrics:
    Functions               1
    Statements              139
    Comments                76
    Volume (V)              4797
    Difficilty (D)          5.9
    Effort to implement (E) 28204
    Time to implement (T)   26 minutes
    Est Delivered Bugs (B)  0
    Cyclomatic Complexity   35
    Maintainability (MI)    79

 Segment     Used  Free
-----------  ----  ----
00000-00003     4  0  
00004-007FF   581  1463  
00800-00FFF     0  2048  
01000-017FF     0  2048  
01800-01FFF     0  2048  



